c:\users\osm96\desktop\sample\0421\0421\debug\vc120.pdb
c:\users\osm96\desktop\sample\0421\0421\debug\vc120.idb
c:\users\osm96\desktop\sample\0421\0421\debug\소스1.obj
c:\users\osm96\desktop\sample\0421\0421\debug\소스2.obj
c:\users\osm96\desktop\sample\0421\0421\debug\소스4.obj
c:\users\osm96\desktop\sample\0421\0421\debug\소스5.obj
c:\users\osm96\desktop\sample\0421\0421\debug\소스7.obj
c:\users\osm96\desktop\sample\0421\debug\0421.ilk
c:\users\osm96\desktop\sample\0421\debug\0421.exe
c:\users\osm96\desktop\sample\0421\debug\0421.pdb
c:\users\osm96\desktop\sample\0421\0421\debug\0421.tlog\cl.command.1.tlog
c:\users\osm96\desktop\sample\0421\0421\debug\0421.tlog\cl.read.1.tlog
c:\users\osm96\desktop\sample\0421\0421\debug\0421.tlog\cl.write.1.tlog
c:\users\osm96\desktop\sample\0421\0421\debug\0421.tlog\link-cvtres.read.1.tlog
c:\users\osm96\desktop\sample\0421\0421\debug\0421.tlog\link-cvtres.write.1.tlog
c:\users\osm96\desktop\sample\0421\0421\debug\0421.tlog\link-rc.read.1.tlog
c:\users\osm96\desktop\sample\0421\0421\debug\0421.tlog\link-rc.write.1.tlog
c:\users\osm96\desktop\sample\0421\0421\debug\0421.tlog\link.7092-cvtres.read.1.tlog
c:\users\osm96\desktop\sample\0421\0421\debug\0421.tlog\link.7092-cvtres.write.1.tlog
c:\users\osm96\desktop\sample\0421\0421\debug\0421.tlog\link.7092-rc.read.1.tlog
c:\users\osm96\desktop\sample\0421\0421\debug\0421.tlog\link.7092-rc.write.1.tlog
c:\users\osm96\desktop\sample\0421\0421\debug\0421.tlog\link.7092.read.1.tlog
c:\users\osm96\desktop\sample\0421\0421\debug\0421.tlog\link.7092.write.1.tlog
c:\users\osm96\desktop\sample\0421\0421\debug\0421.tlog\link.command.1.tlog
c:\users\osm96\desktop\sample\0421\0421\debug\0421.tlog\link.read.1.tlog
c:\users\osm96\desktop\sample\0421\0421\debug\0421.tlog\link.write.1.tlog
